15-Jul-2024 01:01:01.097 INFO [main] org.apache.catalina.startup.VersionLoggerListener.log 서버 버전 이름:    Apache Tomcat/10.1.25
15-Jul-2024 01:01:01.099 INFO [main] org.apache.catalina.startup.VersionLoggerListener.log Server 빌드 시각:  Jun 14 2024 19:31:59 UTC
15-Jul-2024 01:01:01.099 INFO [main] org.apache.catalina.startup.VersionLoggerListener.log Server 버전 번호:  10.1.25.0
15-Jul-2024 01:01:01.100 INFO [main] org.apache.catalina.startup.VersionLoggerListener.log 운영체제 이름:     Mac OS X
15-Jul-2024 01:01:01.100 INFO [main] org.apache.catalina.startup.VersionLoggerListener.log 운영체제 버전:     14.5
15-Jul-2024 01:01:01.100 INFO [main] org.apache.catalina.startup.VersionLoggerListener.log 아키텍처:          aarch64
15-Jul-2024 01:01:01.100 INFO [main] org.apache.catalina.startup.VersionLoggerListener.log 자바 홈:           /Library/Java/JavaVirtualMachines/jdk-17.jdk/Contents/Home
15-Jul-2024 01:01:01.101 INFO [main] org.apache.catalina.startup.VersionLoggerListener.log JVM 버전:          17.0.9+11-LTS-201
15-Jul-2024 01:01:01.101 INFO [main] org.apache.catalina.startup.VersionLoggerListener.log JVM 벤더:          Oracle Corporation
15-Jul-2024 01:01:01.101 INFO [main] org.apache.catalina.startup.VersionLoggerListener.log CATALINA_BASE:     /Users/kongmac/Desktop/JSP/jspProject/JSP_board
15-Jul-2024 01:01:01.101 INFO [main] org.apache.catalina.startup.VersionLoggerListener.log CATALINA_HOME:     /Users/kongmac/Desktop/JSP/apache-tomcat-10.1.25
15-Jul-2024 01:01:01.103 INFO [main] org.apache.catalina.startup.VersionLoggerListener.log 명령 행 아규먼트:  --add-opens=java.base/java.lang=ALL-UNNAMED
15-Jul-2024 01:01:01.103 INFO [main] org.apache.catalina.startup.VersionLoggerListener.log 명령 행 아규먼트:  --add-opens=java.base/java.io=ALL-UNNAMED
15-Jul-2024 01:01:01.103 INFO [main] org.apache.catalina.startup.VersionLoggerListener.log 명령 행 아규먼트:  --add-opens=java.base/java.util=ALL-UNNAMED
15-Jul-2024 01:01:01.103 INFO [main] org.apache.catalina.startup.VersionLoggerListener.log 명령 행 아규먼트:  --add-opens=java.base/java.util.concurrent=ALL-UNNAMED
15-Jul-2024 01:01:01.103 INFO [main] org.apache.catalina.startup.VersionLoggerListener.log 명령 행 아규먼트:  --add-opens=java.rmi/sun.rmi.transport=ALL-UNNAMED
15-Jul-2024 01:01:01.104 INFO [main] org.apache.catalina.startup.VersionLoggerListener.log 명령 행 아규먼트:  -Dcatalina.home=/Users/kongmac/Desktop/JSP/apache-tomcat-10.1.25
15-Jul-2024 01:01:01.104 INFO [main] org.apache.catalina.startup.VersionLoggerListener.log 명령 행 아규먼트:  -Dcatalina.base=/Users/kongmac/Desktop/JSP/jspProject/JSP_board
15-Jul-2024 01:01:01.104 INFO [main] org.apache.catalina.startup.VersionLoggerListener.log 명령 행 아규먼트:  -Djava.io.tmpdir=/Users/kongmac/Desktop/JSP/jspProject/JSP_board/temp
15-Jul-2024 01:01:01.104 INFO [main] org.apache.catalina.startup.VersionLoggerListener.log 명령 행 아규먼트:  -Djava.util.logging.config.file=/Users/kongmac/Desktop/JSP/jspProject/JSP_board/conf/logging.properties
15-Jul-2024 01:01:01.104 INFO [main] org.apache.catalina.startup.VersionLoggerListener.log 명령 행 아규먼트:  -Djava.util.logging.manager=org.apache.juli.ClassLoaderLogManager
15-Jul-2024 01:01:01.104 INFO [main] org.apache.catalina.startup.VersionLoggerListener.log 명령 행 아규먼트:  -javaagent:/Users/kongmac/Desktop/코딩에디터/IntelliJ IDEA CE.app/Contents/lib/idea_rt.jar=62308:/Users/kongmac/Desktop/코딩에디터/IntelliJ IDEA CE.app/Contents/bin
15-Jul-2024 01:01:01.104 INFO [main] org.apache.catalina.startup.VersionLoggerListener.log 명령 행 아규먼트:  -Dfile.encoding=UTF-8
15-Jul-2024 01:01:01.109 INFO [main] org.apache.catalina.core.AprLifecycleListener.lifecycleEvent 프로덕션 환경들에서 최적의 성능을 제공하는, APR 기반 Apache Tomcat Native 라이브러리가, 다음 java.library.path에서 발견되지 않습니다: [/Users/kongmac/Library/Java/Extensions:/Library/Java/Extensions:/Network/Library/Java/Extensions:/System/Library/Java/Extensions:/usr/lib/java:.]
15-Jul-2024 01:01:01.224 INFO [main] org.apache.coyote.AbstractProtocol.init 프로토콜 핸들러 ["http-nio-8080"]을(를) 초기화합니다.
15-Jul-2024 01:01:01.237 INFO [main] org.apache.catalina.startup.Catalina.load [227] 밀리초 내에 서버가 초기화되었습니다.
15-Jul-2024 01:01:01.274 INFO [main] org.apache.catalina.core.StandardService.startInternal 서비스 [Catalina]을(를) 시작합니다.
15-Jul-2024 01:01:01.274 INFO [main] org.apache.catalina.core.StandardEngine.startInternal 서버 엔진을 시작합니다: [Apache Tomcat/10.1.25]
15-Jul-2024 01:01:01.280 INFO [main] org.apache.catalina.startup.HostConfig.deployDescriptor 배치 descriptor [/Users/kongmac/Desktop/JSP/jspProject/JSP_board/conf/Catalina/localhost/ROOT.xml]을(를) 배치합니다.
15-Jul-2024 01:01:01.448 INFO [main] org.apache.catalina.startup.HostConfig.deployDescriptor 배치 descriptor [/Users/kongmac/Desktop/JSP/jspProject/JSP_board/conf/Catalina/localhost/ROOT.xml]의 배치가 [166] 밀리초 내에 완료되었습니다.
15-Jul-2024 01:01:01.449 INFO [main] org.apache.coyote.AbstractProtocol.start 프로토콜 핸들러 ["http-nio-8080"]을(를) 시작합니다.
15-Jul-2024 01:01:01.455 INFO [main] org.apache.catalina.startup.Catalina.start 서버가 [218] 밀리초 내에 시작되었습니다.
15-Jul-2024 01:01:36.717 INFO [Thread-1] org.apache.coyote.AbstractProtocol.pause 프로토콜 핸들러 ["http-nio-8080"]을(를) 일시 정지 중
15-Jul-2024 01:01:36.719 INFO [Thread-1] org.apache.catalina.core.StandardService.stopInternal 서비스 [Catalina]을(를) 중지시킵니다.
15-Jul-2024 01:01:36.725 INFO [Thread-1] org.apache.coyote.AbstractProtocol.stop 프로토콜 핸들러 ["http-nio-8080"]을(를) 중지시킵니다.
15-Jul-2024 01:01:36.728 INFO [Thread-1] org.apache.coyote.AbstractProtocol.destroy 프로토콜 핸들러 ["http-nio-8080"]을(를) 소멸시킵니다.
