17-Jul-2024 19:36:54.061 INFO [main] org.apache.catalina.startup.VersionLoggerListener.log 서버 버전 이름:    Apache Tomcat/10.1.25
17-Jul-2024 19:36:54.066 INFO [main] org.apache.catalina.startup.VersionLoggerListener.log Server 빌드 시각:  Jun 14 2024 19:31:59 UTC
17-Jul-2024 19:36:54.066 INFO [main] org.apache.catalina.startup.VersionLoggerListener.log Server 버전 번호:  10.1.25.0
17-Jul-2024 19:36:54.066 INFO [main] org.apache.catalina.startup.VersionLoggerListener.log 운영체제 이름:     Mac OS X
17-Jul-2024 19:36:54.066 INFO [main] org.apache.catalina.startup.VersionLoggerListener.log 운영체제 버전:     14.5
17-Jul-2024 19:36:54.066 INFO [main] org.apache.catalina.startup.VersionLoggerListener.log 아키텍처:          aarch64
17-Jul-2024 19:36:54.066 INFO [main] org.apache.catalina.startup.VersionLoggerListener.log 자바 홈:           /Library/Java/JavaVirtualMachines/jdk-17.jdk/Contents/Home
17-Jul-2024 19:36:54.066 INFO [main] org.apache.catalina.startup.VersionLoggerListener.log JVM 버전:          17.0.9+11-LTS-201
17-Jul-2024 19:36:54.066 INFO [main] org.apache.catalina.startup.VersionLoggerListener.log JVM 벤더:          Oracle Corporation
17-Jul-2024 19:36:54.066 INFO [main] org.apache.catalina.startup.VersionLoggerListener.log CATALINA_BASE:     /Users/kongmac/Desktop/JSP/jspProject/JSP_board
17-Jul-2024 19:36:54.066 INFO [main] org.apache.catalina.startup.VersionLoggerListener.log CATALINA_HOME:     /Users/kongmac/Desktop/JSP/apache-tomcat-10.1.25
17-Jul-2024 19:36:54.073 INFO [main] org.apache.catalina.startup.VersionLoggerListener.log 명령 행 아규먼트:  --add-opens=java.base/java.lang=ALL-UNNAMED
17-Jul-2024 19:36:54.073 INFO [main] org.apache.catalina.startup.VersionLoggerListener.log 명령 행 아규먼트:  --add-opens=java.base/java.io=ALL-UNNAMED
17-Jul-2024 19:36:54.073 INFO [main] org.apache.catalina.startup.VersionLoggerListener.log 명령 행 아규먼트:  --add-opens=java.base/java.util=ALL-UNNAMED
17-Jul-2024 19:36:54.073 INFO [main] org.apache.catalina.startup.VersionLoggerListener.log 명령 행 아규먼트:  --add-opens=java.base/java.util.concurrent=ALL-UNNAMED
17-Jul-2024 19:36:54.073 INFO [main] org.apache.catalina.startup.VersionLoggerListener.log 명령 행 아규먼트:  --add-opens=java.rmi/sun.rmi.transport=ALL-UNNAMED
17-Jul-2024 19:36:54.073 INFO [main] org.apache.catalina.startup.VersionLoggerListener.log 명령 행 아규먼트:  -Dcatalina.home=/Users/kongmac/Desktop/JSP/apache-tomcat-10.1.25
17-Jul-2024 19:36:54.073 INFO [main] org.apache.catalina.startup.VersionLoggerListener.log 명령 행 아규먼트:  -Dcatalina.base=/Users/kongmac/Desktop/JSP/jspProject/JSP_board
17-Jul-2024 19:36:54.074 INFO [main] org.apache.catalina.startup.VersionLoggerListener.log 명령 행 아규먼트:  -Djava.io.tmpdir=/Users/kongmac/Desktop/JSP/jspProject/JSP_board/temp
17-Jul-2024 19:36:54.074 INFO [main] org.apache.catalina.startup.VersionLoggerListener.log 명령 행 아규먼트:  -Djava.util.logging.config.file=/Users/kongmac/Desktop/JSP/jspProject/JSP_board/conf/logging.properties
17-Jul-2024 19:36:54.074 INFO [main] org.apache.catalina.startup.VersionLoggerListener.log 명령 행 아규먼트:  -Djava.util.logging.manager=org.apache.juli.ClassLoaderLogManager
17-Jul-2024 19:36:54.074 INFO [main] org.apache.catalina.startup.VersionLoggerListener.log 명령 행 아규먼트:  -javaagent:/Users/kongmac/Desktop/코딩에디터/IntelliJ IDEA CE.app/Contents/lib/idea_rt.jar=58580:/Users/kongmac/Desktop/코딩에디터/IntelliJ IDEA CE.app/Contents/bin
17-Jul-2024 19:36:54.074 INFO [main] org.apache.catalina.startup.VersionLoggerListener.log 명령 행 아규먼트:  -Dfile.encoding=UTF-8
17-Jul-2024 19:36:54.082 INFO [main] org.apache.catalina.core.AprLifecycleListener.lifecycleEvent 프로덕션 환경들에서 최적의 성능을 제공하는, APR 기반 Apache Tomcat Native 라이브러리가, 다음 java.library.path에서 발견되지 않습니다: [/Users/kongmac/Library/Java/Extensions:/Library/Java/Extensions:/Network/Library/Java/Extensions:/System/Library/Java/Extensions:/usr/lib/java:.]
17-Jul-2024 19:36:54.287 INFO [main] org.apache.coyote.AbstractProtocol.init 프로토콜 핸들러 ["http-nio-8080"]을(를) 초기화합니다.
17-Jul-2024 19:36:54.304 INFO [main] org.apache.catalina.startup.Catalina.load [397] 밀리초 내에 서버가 초기화되었습니다.
17-Jul-2024 19:36:54.336 INFO [main] org.apache.catalina.core.StandardService.startInternal 서비스 [Catalina]을(를) 시작합니다.
17-Jul-2024 19:36:54.336 INFO [main] org.apache.catalina.core.StandardEngine.startInternal 서버 엔진을 시작합니다: [Apache Tomcat/10.1.25]
17-Jul-2024 19:36:54.343 INFO [main] org.apache.catalina.startup.HostConfig.deployDescriptor 배치 descriptor [/Users/kongmac/Desktop/JSP/jspProject/JSP_board/conf/Catalina/localhost/ROOT.xml]을(를) 배치합니다.
17-Jul-2024 19:36:54.561 INFO [main] org.apache.catalina.startup.HostConfig.deployDescriptor 배치 descriptor [/Users/kongmac/Desktop/JSP/jspProject/JSP_board/conf/Catalina/localhost/ROOT.xml]의 배치가 [217] 밀리초 내에 완료되었습니다.
17-Jul-2024 19:36:54.564 INFO [main] org.apache.coyote.AbstractProtocol.start 프로토콜 핸들러 ["http-nio-8080"]을(를) 시작합니다.
17-Jul-2024 19:36:54.573 INFO [main] org.apache.catalina.startup.Catalina.start 서버가 [268] 밀리초 내에 시작되었습니다.
17-Jul-2024 20:16:49.082 INFO [Thread-1] org.apache.coyote.AbstractProtocol.pause 프로토콜 핸들러 ["http-nio-8080"]을(를) 일시 정지 중
17-Jul-2024 20:16:49.086 INFO [Thread-1] org.apache.catalina.core.StandardService.stopInternal 서비스 [Catalina]을(를) 중지시킵니다.
17-Jul-2024 20:16:49.094 INFO [Thread-1] org.apache.coyote.AbstractProtocol.stop 프로토콜 핸들러 ["http-nio-8080"]을(를) 중지시킵니다.
17-Jul-2024 20:16:49.098 INFO [Thread-1] org.apache.coyote.AbstractProtocol.destroy 프로토콜 핸들러 ["http-nio-8080"]을(를) 소멸시킵니다.
17-Jul-2024 20:22:34.212 INFO [main] org.apache.catalina.startup.VersionLoggerListener.log 서버 버전 이름:    Apache Tomcat/10.1.25
17-Jul-2024 20:22:34.221 INFO [main] org.apache.catalina.startup.VersionLoggerListener.log Server 빌드 시각:  Jun 14 2024 19:31:59 UTC
17-Jul-2024 20:22:34.222 INFO [main] org.apache.catalina.startup.VersionLoggerListener.log Server 버전 번호:  10.1.25.0
17-Jul-2024 20:22:34.222 INFO [main] org.apache.catalina.startup.VersionLoggerListener.log 운영체제 이름:     Mac OS X
17-Jul-2024 20:22:34.222 INFO [main] org.apache.catalina.startup.VersionLoggerListener.log 운영체제 버전:     14.5
17-Jul-2024 20:22:34.222 INFO [main] org.apache.catalina.startup.VersionLoggerListener.log 아키텍처:          aarch64
17-Jul-2024 20:22:34.222 INFO [main] org.apache.catalina.startup.VersionLoggerListener.log 자바 홈:           /Library/Java/JavaVirtualMachines/jdk-17.jdk/Contents/Home
17-Jul-2024 20:22:34.222 INFO [main] org.apache.catalina.startup.VersionLoggerListener.log JVM 버전:          17.0.9+11-LTS-201
17-Jul-2024 20:22:34.223 INFO [main] org.apache.catalina.startup.VersionLoggerListener.log JVM 벤더:          Oracle Corporation
17-Jul-2024 20:22:34.223 INFO [main] org.apache.catalina.startup.VersionLoggerListener.log CATALINA_BASE:     /Users/kongmac/Desktop/JSP/jspProject/JSP_board
17-Jul-2024 20:22:34.223 INFO [main] org.apache.catalina.startup.VersionLoggerListener.log CATALINA_HOME:     /Users/kongmac/Desktop/JSP/apache-tomcat-10.1.25
17-Jul-2024 20:22:34.249 INFO [main] org.apache.catalina.startup.VersionLoggerListener.log 명령 행 아규먼트:  --add-opens=java.base/java.lang=ALL-UNNAMED
17-Jul-2024 20:22:34.250 INFO [main] org.apache.catalina.startup.VersionLoggerListener.log 명령 행 아규먼트:  --add-opens=java.base/java.io=ALL-UNNAMED
17-Jul-2024 20:22:34.250 INFO [main] org.apache.catalina.startup.VersionLoggerListener.log 명령 행 아규먼트:  --add-opens=java.base/java.util=ALL-UNNAMED
17-Jul-2024 20:22:34.250 INFO [main] org.apache.catalina.startup.VersionLoggerListener.log 명령 행 아규먼트:  --add-opens=java.base/java.util.concurrent=ALL-UNNAMED
17-Jul-2024 20:22:34.250 INFO [main] org.apache.catalina.startup.VersionLoggerListener.log 명령 행 아규먼트:  --add-opens=java.rmi/sun.rmi.transport=ALL-UNNAMED
17-Jul-2024 20:22:34.250 INFO [main] org.apache.catalina.startup.VersionLoggerListener.log 명령 행 아규먼트:  -Dcatalina.home=/Users/kongmac/Desktop/JSP/apache-tomcat-10.1.25
17-Jul-2024 20:22:34.250 INFO [main] org.apache.catalina.startup.VersionLoggerListener.log 명령 행 아규먼트:  -Dcatalina.base=/Users/kongmac/Desktop/JSP/jspProject/JSP_board
17-Jul-2024 20:22:34.250 INFO [main] org.apache.catalina.startup.VersionLoggerListener.log 명령 행 아규먼트:  -Djava.io.tmpdir=/Users/kongmac/Desktop/JSP/jspProject/JSP_board/temp
17-Jul-2024 20:22:34.250 INFO [main] org.apache.catalina.startup.VersionLoggerListener.log 명령 행 아규먼트:  -Djava.util.logging.config.file=/Users/kongmac/Desktop/JSP/jspProject/JSP_board/conf/logging.properties
17-Jul-2024 20:22:34.263 INFO [main] org.apache.catalina.startup.VersionLoggerListener.log 명령 행 아규먼트:  -Djava.util.logging.manager=org.apache.juli.ClassLoaderLogManager
17-Jul-2024 20:22:34.263 INFO [main] org.apache.catalina.startup.VersionLoggerListener.log 명령 행 아규먼트:  -javaagent:/Users/kongmac/Desktop/코딩에디터/IntelliJ IDEA CE.app/Contents/lib/idea_rt.jar=58704:/Users/kongmac/Desktop/코딩에디터/IntelliJ IDEA CE.app/Contents/bin
17-Jul-2024 20:22:34.263 INFO [main] org.apache.catalina.startup.VersionLoggerListener.log 명령 행 아규먼트:  -Dfile.encoding=UTF-8
17-Jul-2024 20:22:34.286 INFO [main] org.apache.catalina.core.AprLifecycleListener.lifecycleEvent 프로덕션 환경들에서 최적의 성능을 제공하는, APR 기반 Apache Tomcat Native 라이브러리가, 다음 java.library.path에서 발견되지 않습니다: [/Users/kongmac/Library/Java/Extensions:/Library/Java/Extensions:/Network/Library/Java/Extensions:/System/Library/Java/Extensions:/usr/lib/java:.]
17-Jul-2024 20:22:35.099 INFO [main] org.apache.coyote.AbstractProtocol.init 프로토콜 핸들러 ["http-nio-8080"]을(를) 초기화합니다.
17-Jul-2024 20:22:35.128 INFO [main] org.apache.catalina.startup.Catalina.load [1520] 밀리초 내에 서버가 초기화되었습니다.
17-Jul-2024 20:22:35.204 INFO [main] org.apache.catalina.core.StandardService.startInternal 서비스 [Catalina]을(를) 시작합니다.
17-Jul-2024 20:22:35.204 INFO [main] org.apache.catalina.core.StandardEngine.startInternal 서버 엔진을 시작합니다: [Apache Tomcat/10.1.25]
17-Jul-2024 20:22:35.219 INFO [main] org.apache.catalina.startup.HostConfig.deployDescriptor 배치 descriptor [/Users/kongmac/Desktop/JSP/jspProject/JSP_board/conf/Catalina/localhost/ROOT.xml]을(를) 배치합니다.
17-Jul-2024 20:22:35.695 INFO [main] org.apache.catalina.startup.HostConfig.deployDescriptor 배치 descriptor [/Users/kongmac/Desktop/JSP/jspProject/JSP_board/conf/Catalina/localhost/ROOT.xml]의 배치가 [474] 밀리초 내에 완료되었습니다.
17-Jul-2024 20:22:35.701 INFO [main] org.apache.coyote.AbstractProtocol.start 프로토콜 핸들러 ["http-nio-8080"]을(를) 시작합니다.
17-Jul-2024 20:22:35.717 INFO [main] org.apache.catalina.startup.Catalina.start 서버가 [588] 밀리초 내에 시작되었습니다.
17-Jul-2024 21:06:06.894 INFO [Thread-1] org.apache.coyote.AbstractProtocol.pause 프로토콜 핸들러 ["http-nio-8080"]을(를) 일시 정지 중
17-Jul-2024 21:06:06.896 INFO [Thread-1] org.apache.catalina.core.StandardService.stopInternal 서비스 [Catalina]을(를) 중지시킵니다.
17-Jul-2024 21:06:06.904 INFO [Thread-1] org.apache.coyote.AbstractProtocol.stop 프로토콜 핸들러 ["http-nio-8080"]을(를) 중지시킵니다.
17-Jul-2024 21:06:06.908 INFO [Thread-1] org.apache.coyote.AbstractProtocol.destroy 프로토콜 핸들러 ["http-nio-8080"]을(를) 소멸시킵니다.
17-Jul-2024 21:19:18.605 INFO [main] org.apache.catalina.startup.VersionLoggerListener.log 서버 버전 이름:    Apache Tomcat/10.1.25
17-Jul-2024 21:19:18.612 INFO [main] org.apache.catalina.startup.VersionLoggerListener.log Server 빌드 시각:  Jun 14 2024 19:31:59 UTC
17-Jul-2024 21:19:18.612 INFO [main] org.apache.catalina.startup.VersionLoggerListener.log Server 버전 번호:  10.1.25.0
17-Jul-2024 21:19:18.612 INFO [main] org.apache.catalina.startup.VersionLoggerListener.log 운영체제 이름:     Mac OS X
17-Jul-2024 21:19:18.612 INFO [main] org.apache.catalina.startup.VersionLoggerListener.log 운영체제 버전:     14.5
17-Jul-2024 21:19:18.612 INFO [main] org.apache.catalina.startup.VersionLoggerListener.log 아키텍처:          aarch64
17-Jul-2024 21:19:18.612 INFO [main] org.apache.catalina.startup.VersionLoggerListener.log 자바 홈:           /Library/Java/JavaVirtualMachines/jdk-17.jdk/Contents/Home
17-Jul-2024 21:19:18.612 INFO [main] org.apache.catalina.startup.VersionLoggerListener.log JVM 버전:          17.0.9+11-LTS-201
17-Jul-2024 21:19:18.613 INFO [main] org.apache.catalina.startup.VersionLoggerListener.log JVM 벤더:          Oracle Corporation
17-Jul-2024 21:19:18.613 INFO [main] org.apache.catalina.startup.VersionLoggerListener.log CATALINA_BASE:     /Users/kongmac/Desktop/JSP/jspProject/JSP_board
17-Jul-2024 21:19:18.613 INFO [main] org.apache.catalina.startup.VersionLoggerListener.log CATALINA_HOME:     /Users/kongmac/Desktop/JSP/apache-tomcat-10.1.25
17-Jul-2024 21:19:18.620 INFO [main] org.apache.catalina.startup.VersionLoggerListener.log 명령 행 아규먼트:  --add-opens=java.base/java.lang=ALL-UNNAMED
17-Jul-2024 21:19:18.620 INFO [main] org.apache.catalina.startup.VersionLoggerListener.log 명령 행 아규먼트:  --add-opens=java.base/java.io=ALL-UNNAMED
17-Jul-2024 21:19:18.620 INFO [main] org.apache.catalina.startup.VersionLoggerListener.log 명령 행 아규먼트:  --add-opens=java.base/java.util=ALL-UNNAMED
17-Jul-2024 21:19:18.620 INFO [main] org.apache.catalina.startup.VersionLoggerListener.log 명령 행 아규먼트:  --add-opens=java.base/java.util.concurrent=ALL-UNNAMED
17-Jul-2024 21:19:18.621 INFO [main] org.apache.catalina.startup.VersionLoggerListener.log 명령 행 아규먼트:  --add-opens=java.rmi/sun.rmi.transport=ALL-UNNAMED
17-Jul-2024 21:19:18.621 INFO [main] org.apache.catalina.startup.VersionLoggerListener.log 명령 행 아규먼트:  -Dcatalina.home=/Users/kongmac/Desktop/JSP/apache-tomcat-10.1.25
17-Jul-2024 21:19:18.621 INFO [main] org.apache.catalina.startup.VersionLoggerListener.log 명령 행 아규먼트:  -Dcatalina.base=/Users/kongmac/Desktop/JSP/jspProject/JSP_board
17-Jul-2024 21:19:18.621 INFO [main] org.apache.catalina.startup.VersionLoggerListener.log 명령 행 아규먼트:  -Djava.io.tmpdir=/Users/kongmac/Desktop/JSP/jspProject/JSP_board/temp
17-Jul-2024 21:19:18.621 INFO [main] org.apache.catalina.startup.VersionLoggerListener.log 명령 행 아규먼트:  -Djava.util.logging.config.file=/Users/kongmac/Desktop/JSP/jspProject/JSP_board/conf/logging.properties
17-Jul-2024 21:19:18.621 INFO [main] org.apache.catalina.startup.VersionLoggerListener.log 명령 행 아규먼트:  -Djava.util.logging.manager=org.apache.juli.ClassLoaderLogManager
17-Jul-2024 21:19:18.622 INFO [main] org.apache.catalina.startup.VersionLoggerListener.log 명령 행 아규먼트:  -javaagent:/Users/kongmac/Desktop/코딩에디터/IntelliJ IDEA CE.app/Contents/lib/idea_rt.jar=59265:/Users/kongmac/Desktop/코딩에디터/IntelliJ IDEA CE.app/Contents/bin
17-Jul-2024 21:19:18.622 INFO [main] org.apache.catalina.startup.VersionLoggerListener.log 명령 행 아규먼트:  -Dfile.encoding=UTF-8
17-Jul-2024 21:19:18.629 INFO [main] org.apache.catalina.core.AprLifecycleListener.lifecycleEvent 프로덕션 환경들에서 최적의 성능을 제공하는, APR 기반 Apache Tomcat Native 라이브러리가, 다음 java.library.path에서 발견되지 않습니다: [/Users/kongmac/Library/Java/Extensions:/Library/Java/Extensions:/Network/Library/Java/Extensions:/System/Library/Java/Extensions:/usr/lib/java:.]
17-Jul-2024 21:19:18.849 INFO [main] org.apache.coyote.AbstractProtocol.init 프로토콜 핸들러 ["http-nio-8080"]을(를) 초기화합니다.
17-Jul-2024 21:19:18.869 INFO [main] org.apache.catalina.startup.Catalina.load [406] 밀리초 내에 서버가 초기화되었습니다.
17-Jul-2024 21:19:18.898 INFO [main] org.apache.catalina.core.StandardService.startInternal 서비스 [Catalina]을(를) 시작합니다.
17-Jul-2024 21:19:18.899 INFO [main] org.apache.catalina.core.StandardEngine.startInternal 서버 엔진을 시작합니다: [Apache Tomcat/10.1.25]
17-Jul-2024 21:19:18.904 INFO [main] org.apache.catalina.startup.HostConfig.deployDescriptor 배치 descriptor [/Users/kongmac/Desktop/JSP/jspProject/JSP_board/conf/Catalina/localhost/ROOT.xml]을(를) 배치합니다.
17-Jul-2024 21:19:19.185 INFO [main] org.apache.jasper.servlet.TldScanner.scanJars 적어도 하나의 JAR가 TLD들을 찾기 위해 스캔되었으나 아무 것도 찾지 못했습니다. 스캔했으나 TLD가 없는 JAR들의 전체 목록을 보시려면, 로그 레벨을 디버그 레벨로 설정하십시오. 스캔 과정에서 불필요한 JAR들을 건너뛰면, 시스템 시작 시간과 JSP 컴파일 시간을 단축시킬 수 있습니다.
17-Jul-2024 21:19:19.217 INFO [main] org.apache.catalina.startup.HostConfig.deployDescriptor 배치 descriptor [/Users/kongmac/Desktop/JSP/jspProject/JSP_board/conf/Catalina/localhost/ROOT.xml]의 배치가 [312] 밀리초 내에 완료되었습니다.
17-Jul-2024 21:19:19.221 INFO [main] org.apache.coyote.AbstractProtocol.start 프로토콜 핸들러 ["http-nio-8080"]을(를) 시작합니다.
17-Jul-2024 21:19:19.230 INFO [main] org.apache.catalina.startup.Catalina.start 서버가 [361] 밀리초 내에 시작되었습니다.
17-Jul-2024 21:33:17.003 INFO [Thread-1] org.apache.coyote.AbstractProtocol.pause 프로토콜 핸들러 ["http-nio-8080"]을(를) 일시 정지 중
17-Jul-2024 21:33:17.007 INFO [Thread-1] org.apache.catalina.core.StandardService.stopInternal 서비스 [Catalina]을(를) 중지시킵니다.
17-Jul-2024 21:33:17.015 INFO [Thread-1] org.apache.coyote.AbstractProtocol.stop 프로토콜 핸들러 ["http-nio-8080"]을(를) 중지시킵니다.
17-Jul-2024 21:33:17.019 INFO [Thread-1] org.apache.coyote.AbstractProtocol.destroy 프로토콜 핸들러 ["http-nio-8080"]을(를) 소멸시킵니다.
